# JRE version: OpenJDK Runtime Environment (7.0_101) (build 1.7.0_101-b00)
# Java VM: OpenJDK Server VM (24.95-b01 mixed mode linux-x86 )
Heap
 PSYoungGen      total 115712K, used 111317K [0xa1480000, 0xa8880000, 0xb3140000)
  eden space 112640K, 98% used [0xa1480000,0xa811d790,0xa8280000)
  from space 3072K, 3% used [0xa8580000,0xa8598000,0xa8880000)
  to   space 3072K, 0% used [0xa8280000,0xa8280000,0xa8580000)
 ParOldGen       total 36352K, used 1930K [0x7db40000, 0x7fec0000, 0xa1480000)
  object space 36352K, 5% used [0x7db40000,0x7dd22838,0x7fec0000)
 PSPermGen       total 16384K, used 6147K [0x75b40000, 0x76b40000, 0x7db40000)
  object space 16384K, 37% used [0x75b40000,0x76140f98,0x76b40000)
GC Heap History (10 events):
Event: 7.154 GC heap before
{Heap before GC invocations=4 (full 0):
 PSYoungGen      total 16128K, used 14904K [0xa1480000, 0xa3400000, 0xb3140000)
  eden space 14080K, 100% used [0xa1480000,0xa2240000,0xa2240000)
  from space 2048K, 40% used [0xa2240000,0xa230e050,0xa2440000)
  to   space 2048K, 0% used [0xa3200000,0xa3200000,0xa3400000)
 ParOldGen       total 36352K, used 1144K [0x7db40000, 0x7fec0000, 0xa1480000)
  object space 36352K, 3% used [0x7db40000,0x7dc5e2b0,0x7fec0000)
 PSPermGen       total 16384K, used 5875K [0x75b40000, 0x76b40000, 0x7db40000)
  object space 16384K, 35% used [0x75b40000,0x760fcdf8,0x76b40000)
Event: 7.171 GC heap after
Heap after GC invocations=4 (full 0):
 PSYoungGen      total 30208K, used 840K [0xa1480000, 0xa3400000, 0xb3140000)
  eden space 28160K, 0% used [0xa1480000,0xa1480000,0xa3000000)
  from space 2048K, 41% used [0xa3200000,0xa32d2050,0xa3400000)
  to   space 2048K, 0% used [0xa3000000,0xa3000000,0xa3200000)
 ParOldGen       total 36352K, used 1144K [0x7db40000, 0x7fec0000, 0xa1480000)
  object space 36352K, 3% used [0x7db40000,0x7dc5e2b0,0x7fec0000)
 PSPermGen       total 16384K, used 5875K [0x75b40000, 0x76b40000, 0x7db40000)
  object space 16384K, 35% used [0x75b40000,0x760fcdf8,0x76b40000)
}
Event: 7.290 GC heap before
{Heap before GC invocations=5 (full 0):
 PSYoungGen      total 30208K, used 29000K [0xa1480000, 0xa3400000, 0xb3140000)
  eden space 28160K, 100% used [0xa1480000,0xa3000000,0xa3000000)
  from space 2048K, 41% used [0xa3200000,0xa32d2050,0xa3400000)
  to   space 2048K, 0% used [0xa3000000,0xa3000000,0xa3200000)
 ParOldGen       total 36352K, used 1144K [0x7db40000, 0x7fec0000, 0xa1480000)
  object space 36352K, 3% used [0x7db40000,0x7dc5e2b0,0x7fec0000)
 PSPermGen       total 16384K, used 5878K [0x75b40000, 0x76b40000, 0x7db40000)
  object space 16384K, 35% used [0x75b40000,0x760fdb88,0x76b40000)
Event: 7.292 GC heap after
Heap after GC invocations=5 (full 0):
 PSYoungGen      total 30208K, used 848K [0xa1480000, 0xa5200000, 0xb3140000)
  eden space 28160K, 0% used [0xa1480000,0xa1480000,0xa3000000)
  from space 2048K, 41% used [0xa3000000,0xa30d4060,0xa3200000)
  to   space 3328K, 0% used [0xa4ec0000,0xa4ec0000,0xa5200000)
 ParOldGen       total 36352K, used 1148K [0x7db40000, 0x7fec0000, 0xa1480000)
  object space 36352K, 3% used [0x7db40000,0x7dc5f2b0,0x7fec0000)
 PSPermGen       total 16384K, used 5878K [0x75b40000, 0x76b40000, 0x7db40000)
  object space 16384K, 35% used [0x75b40000,0x760fdb88,0x76b40000)
}
Event: 7.532 GC heap before
{Heap before GC invocations=6 (full 0):
 PSYoungGen      total 30208K, used 29008K [0xa1480000, 0xa5200000, 0xb3140000)
  eden space 28160K, 100% used [0xa1480000,0xa3000000,0xa3000000)
  from space 2048K, 41% used [0xa3000000,0xa30d4060,0xa3200000)
  to   space 3328K, 0% used [0xa4ec0000,0xa4ec0000,0xa5200000)
 ParOldGen       total 36352K, used 1148K [0x7db40000, 0x7fec0000, 0xa1480000)
  object space 36352K, 3% used [0x7db40000,0x7dc5f2b0,0x7fec0000)
 PSPermGen       total 16384K, used 5901K [0x75b40000, 0x76b40000, 0x7db40000)
  object space 16384K, 36% used [0x75b40000,0x76103780,0x76b40000)
Event: 7.542 GC heap after
Heap after GC invocations=6 (full 0):
 PSYoungGen      total 59136K, used 864K [0xa1480000, 0xa5180000, 0xb3140000)
  eden space 56320K, 0% used [0xa1480000,0xa1480000,0xa4b80000)
  from space 2816K, 30% used [0xa4ec0000,0xa4f98060,0xa5180000)
  to   space 3072K, 0% used [0xa4b80000,0xa4b80000,0xa4e80000)
 ParOldGen       total 36352K, used 1148K [0x7db40000, 0x7fec0000, 0xa1480000)
  object space 36352K, 3% used [0x7db40000,0x7dc5f2b0,0x7fec0000)
 PSPermGen       total 16384K, used 5901K [0x75b40000, 0x76b40000, 0x7db40000)
  object space 16384K, 36% used [0x75b40000,0x76103780,0x76b40000)
}
Event: 7.678 GC heap before
{Heap before GC invocations=7 (full 0):
 PSYoungGen      total 59136K, used 57184K [0xa1480000, 0xa5180000, 0xb3140000)
  eden space 56320K, 100% used [0xa1480000,0xa4b80000,0xa4b80000)
  from space 2816K, 30% used [0xa4ec0000,0xa4f98060,0xa5180000)
  to   space 3072K, 0% used [0xa4b80000,0xa4b80000,0xa4e80000)
 ParOldGen       total 36352K, used 1148K [0x7db40000, 0x7fec0000, 0xa1480000)
  object space 36352K, 3% used [0x7db40000,0x7dc5f2b0,0x7fec0000)
 PSPermGen       total 16384K, used 5905K [0x75b40000, 0x76b40000, 0x7db40000)
  object space 16384K, 36% used [0x75b40000,0x76104548,0x76b40000)
Event: 7.682 GC heap after
Heap after GC invocations=7 (full 0):
 PSYoungGen      total 59392K, used 80K [0xa1480000, 0xa8880000, 0xb3140000)
  eden space 56320K, 0% used [0xa1480000,0xa1480000,0xa4b80000)
  from space 3072K, 2% used [0xa4b80000,0xa4b94000,0xa4e80000)
  to   space 3072K, 0% used [0xa8580000,0xa8580000,0xa8880000)
 ParOldGen       total 36352K, used 1926K [0x7db40000, 0x7fec0000, 0xa1480000)
  object space 36352K, 5% used [0x7db40000,0x7dd21838,0x7fec0000)
 PSPermGen       total 16384K, used 5905K [0x75b40000, 0x76b40000, 0x7db40000)
  object space 16384K, 36% used [0x75b40000,0x76104548,0x76b40000)
}
Event: 7.754 GC heap before
{Heap before GC invocations=8 (full 0):
 PSYoungGen      total 59392K, used 56400K [0xa1480000, 0xa8880000, 0xb3140000)
  eden space 56320K, 100% used [0xa1480000,0xa4b80000,0xa4b80000)
  from space 3072K, 2% used [0xa4b80000,0xa4b94000,0xa4e80000)
  to   space 3072K, 0% used [0xa8580000,0xa8580000,0xa8880000)
 ParOldGen       total 36352K, used 1926K [0x7db40000, 0x7fec0000, 0xa1480000)
  object space 36352K, 5% used [0x7db40000,0x7dd21838,0x7fec0000)
 PSPermGen       total 16384K, used 5907K [0x75b40000, 0x76b40000, 0x7db40000)
  object space 16384K, 36% used [0x75b40000,0x76104cd0,0x76b40000)
Event: 7.766 GC heap after
Heap after GC invocations=8 (full 0):
 PSYoungGen      total 115712K, used 96K [0xa1480000, 0xa8880000, 0xb3140000)
  eden space 112640K, 0% used [0xa1480000,0xa1480000,0xa8280000)
  from space 3072K, 3% used [0xa8580000,0xa8598000,0xa8880000)
  to   space 3072K, 0% used [0xa8280000,0xa8280000,0xa8580000)
 ParOldGen       total 36352K, used 1930K [0x7db40000, 0x7fec0000, 0xa1480000)
  object space 36352K, 5% used [0x7db40000,0x7dd22838,0x7fec0000)
 PSPermGen       total 16384K, used 5907K [0x75b40000, 0x76b40000, 0x7db40000)
  object space 16384K, 36% used [0x75b40000,0x76104cd0,0x76b40000)
}

